Build started 11/17/2015 2:27:50 PM.
     1>Project "E:\Codes\Fluids\Tunabrain\Tutorial\3-SolidBoundaries\3-SolidBoundaries.vcxproj" on node 2 (build target(s)).
     1>InitializeBuildStatus:
         Creating "Debug\3-SolidBoundaries.unsuccessfulbuild" because "AlwaysCreate" was specified.
       ClCompile:
         All outputs are up-to-date.
       ManifestResourceCompile:
         All outputs are up-to-date.
       Link:
         C:\Program Files (x86)\Microsoft Visual Studio 10.0\VC\bin\link.exe /ERRORREPORT:PROMPT /OUT:"E:\Codes\Fluids\Tunabrain\Tutorial\3-SolidBoundaries\Debug\3-SolidBoundaries.exe" /INCREMENTAL /NOLOGO /LIBPATH:"..\3rdParty\freeglut-3.0.0\lib\x86\Debug\\" kernel32.lib user32.lib gdi32.lib winspool.lib comdlg32.lib advapi32.lib shell32.lib ole32.lib oleaut32.lib uuid.lib odbc32.lib odbccp32.lib /MANIFEST /ManifestFile:"Debug\3-SolidBoundaries.exe.intermediate.manifest" /MANIFESTUAC:"level='asInvoker' uiAccess='false'" /DEBUG /PDB:"E:\Codes\Fluids\Tunabrain\Tutorial\3-SolidBoundaries\Debug\3-SolidBoundaries.pdb" /SUBSYSTEM:CONSOLE /TLBID:1 /DYNAMICBASE /NXCOMPAT /IMPLIB:"E:\Codes\Fluids\Tunabrain\Tutorial\3-SolidBoundaries\Debug\3-SolidBoundaries.lib" /MACHINE:X86 "Debug\3-SolidBoundaries.exe.embed.manifest.res"
         Debug\Fluid.obj
       Manifest:
         C:\Program Files (x86)\Microsoft SDKs\Windows\v7.0A\bin\mt.exe /nologo /verbose /out:"Debug\3-SolidBoundaries.exe.embed.manifest" /manifest "Debug\3-SolidBoundaries.exe.intermediate.manifest"
         All outputs are up-to-date.
       LinkEmbedManifest:
         All outputs are up-to-date.
         3-SolidBoundaries.vcxproj -> E:\Codes\Fluids\Tunabrain\Tutorial\3-SolidBoundaries\Debug\3-SolidBoundaries.exe
       FinalizeBuildStatus:
         Deleting file "Debug\3-SolidBoundaries.unsuccessfulbuild".
         Touching "Debug\3-SolidBoundaries.lastbuildstate".
     1>Done Building Project "E:\Codes\Fluids\Tunabrain\Tutorial\3-SolidBoundaries\3-SolidBoundaries.vcxproj" (build target(s)).

Build succeeded.

Time Elapsed 00:00:00.28
